<?xml version="1.0" encoding="UTF-8"?>
<dataset>
	
	<TIPO_EVALUACION id="1" nombre="Autoevaluacion docente" />
	<PERIODO id="1" anio="2016" periodo="2" nombre="2016-2" />
	<PREGUNTA id="1" tipo_evaluacion_id="1" periodo_id="1" pregunta="Presenta las clases de manera dinamica" estado="1" />
	<PREGUNTA id="2" tipo_evaluacion_id="1" periodo_id="1" pregunta="Presenta las clases de manera dinamica" estado="1" />
    <PREGUNTA id="3" tipo_evaluacion_id="1" periodo_id="1" pregunta="Presenta las clases de manera dinamica" estado="1" />
    
</dataset>
