<?xml version="1.0" encoding="UTF-8"?>
<dataset>
	
	<TIPO_EVALUACION id="1" nombre="CoevaluaciÃ³n docente" />
	<PERIODO id="1" anio="2016" periodo="2" nombre="2016-2" />
	<PREGUNTA id="1" tipo_evaluacion_id="1" periodo_id="1" pregunta="Hola, como estan?" estado="1" />
	<PREGUNTA id="2" tipo_evaluacion_id="1" periodo_id="1" pregunta="Ya se despertaron?" estado="1" />
    
</dataset>
